<?xml version="1.0" encoding="UTF-8"?>
<!-- Generated by org.testng.reporters.JUnitReportReporter -->
<testsuite hostname="Pragti" failures="0" tests="1" name="pac1.OpenCartTest" time="0.025" errors="0" timestamp="2024-12-11T13:02:24 IST" skipped="0">
  <testcase classname="pac1.OpenCartTest" name="fTest" time="0.025"/>
</testsuite> <!-- pac1.OpenCartTest -->
